[2025-10-16 17:27:56] [INFO]     === WebServ Session Started ===
[2025-10-16 17:27:56] [INFO]     Session ID: webserv_20251016_172756_73040
[2025-10-16 17:27:56] [INFO]     Log Directory: logs
[2025-10-16 17:27:56] [INFO]     Process ID: 73040
[2025-10-16 17:27:56] [INFO]     [PerformanceMonitor.cpp:21] PerformanceMonitor: Performance monitoring initialized
[2025-10-16 17:27:56] [INFO]     [PerformanceMonitor.cpp:503] PerformanceMonitor: Thresholds set - Max Request Time: 1000 ms, Max CGI Time: 5000 ms, Max Memory: 102400 KB
[2025-10-16 17:27:56] [INFO]     [main.cpp:28] PerformanceMonitor: Performance monitoring initialized
[2025-10-16 17:27:56] [INFO]     Starting WebServ with config file: test.conf
[2025-10-16 17:27:56] [DEBUG]    ConfigParser: Starting to parse configuration file: test.conf
[2025-10-16 17:27:56] [DEBUG]    ConfigParser: Configuration file loaded successfully
[2025-10-16 17:27:56] [DEBUG]    ConfigParser: Found http block
[2025-10-16 17:27:56] [DEBUG]    ConfigParser: Found server block
[2025-10-16 17:27:56] [DEBUG]    ConfigParser: Starting to parse server block at line 2
[2025-10-16 17:27:56] [DEBUG]    ServerConfig: Processing listen directive: listen 8080;
[2025-10-16 17:27:56] [DEBUG]    ConfigParser: Successfully parsed server block with 1 listen directives
[2025-10-16 17:27:56] [DEBUG]    ConfigParser: Found server block
[2025-10-16 17:27:56] [DEBUG]    ConfigParser: Starting to parse server block at line 16
[2025-10-16 17:27:56] [DEBUG]    ServerConfig: Processing listen directive: listen 8081;
[2025-10-16 17:27:56] [DEBUG]    ConfigParser: Successfully parsed server block with 1 listen directives
[2025-10-16 17:27:56] [DEBUG]    ConfigParser: Successfully parsed 2 server configurations
[2025-10-16 17:27:56] [INFO]     Parsed 2 server configurations
[2025-10-16 17:27:56] [INFO]     EpollManager: Epoll instance created successfully with fd 4
[2025-10-16 17:27:56] [INFO]     EpollManager: Epoll instance created successfully with fd 5
[2025-10-16 17:27:56] [INFO]     Starting server manager...
[2025-10-16 17:27:56] [INFO]     Starting ServerManager with 2 server configurations
[2025-10-16 17:27:56] [INFO]     ServerMap: Creating ServerMap from 2 server configurations
[2025-10-16 17:27:56] [DEBUG]    ServerMap: ServerMap created successfully
[2025-10-16 17:27:56] [DEBUG]    ServerMap: Listening socket: fd: FileDescriptor: 4 isOpen: 1, host: 0.0.0.0, port: 8080 memory address: 0x61525342f590
Servers:
 localhost
ServerMap: Listening socket: fd: FileDescriptor: 6 isOpen: 1, host: 0.0.0.0, port: 8081 memory address: 0x61525342f750
Servers:
 localhost

[2025-10-16 17:27:56] [INFO]     EpollManager: Epoll instance created successfully with fd 7
[2025-10-16 17:27:56] [INFO]     ServerManager: Added 2 server file descriptors to epoll
[2025-10-16 17:27:56] [INFO]     ServerManager initialized successfully, entering main event loop
[2025-10-16 17:28:06] [INFO]     Client 5 disconnected in state 0
[2025-10-16 17:28:06] [INFO]     Client 5 disconnected in state 0
[2025-10-16 17:28:06] [INFO]     Client 5 disconnected in state 0
[2025-10-16 17:28:06] [INFO]     Client connected from :0
[2025-10-16 17:28:06] [DEBUG]    ServerManager: Client 5 added to epoll
[2025-10-16 17:28:06] [DEBUG]    [PerformanceMonitor.cpp:194] PerformanceMonitor: Connection recorded. Active: 1
[2025-10-16 17:28:06] [INFO]     Client 5 disconnected in state 0
[2025-10-16 17:28:06] [DEBUG]    Client: Handling event for client 5 in state 0
[2025-10-16 17:28:06] [DEBUG]    Client: Starting to read request from client 5
[2025-10-16 17:28:06] [DEBUG]    Client: Reading request from client 5
[2025-10-16 17:28:06] [DEBUG]    Client: Received 604 bytes from client 5
[2025-10-16 17:28:06] [DEBUG]    Client: Temp buffer: GET /favicon.ico HTTP/1.1
Host: localhost:8080
Connection: keep-alive
sec-ch-ua-platform: "Windows"
User-Agent: Mozilla/5.0 (Windows NT 10.0; Win64; x64) AppleWebKit/537.36 (KHTML, like Gecko) Chrome/141.0.0.0 Safari/537.36 Edg/141.0.0.0
sec-ch-ua: "Microsoft Edge";v="141", "Not?A_Brand";v="8", "Chromium";v="141"
sec-ch-ua-mobile: ?0
Accept: image/avif,image/webp,image/apng,image/svg+xml,image/*,*/*;q=0.8
Sec-Fetch-Site: same-origin
Sec-Fetch-Mode: no-cors
Sec-Fetch-Dest: image
Referer: http://localhost:8080/
Accept-Encoding: gzip, deflate, br, zstd
Accept-Language: en-US,en;q=0.9


[2025-10-16 17:28:06] [DEBUG]    HttpRequest: Moved 604 bytes into _rawBuffer; now has 604
[2025-10-16 17:28:06] [DEBUG]    HttpURI: Parsed request line: GET /favicon.ico HTTP/1.1
[2025-10-16 17:28:06] [DEBUG]    HttpURI: Request line OK (GET /favicon.ico HTTP/1.1)
[2025-10-16 17:28:06] [DEBUG]    HttpURI: Remaining readable in main buffer after URI parse = 577
[2025-10-16 17:28:06] [DEBUG]    HttpRequest: Request line parsing complete
[2025-10-16 17:28:06] [DEBUG]    HttpRequest: Header parseBuffer() returned = 1
[2025-10-16 17:28:06] [DEBUG]    HttpRequest: Headers parsing complete
[2025-10-16 17:28:06] [DEBUG]    HttpRequest: Body parsing complete
[2025-10-16 17:28:06] [DEBUG]    HttpRequest::parseBuffer finished with state = 3
